[2026-01-13T07:55:50.596Z] Login Error: 
Invalid `prisma.user.findFirst()` invocation:


Can't reach database server at `localhost:5432`

Please make sure your database server is running at `localhost:5432`.
PrismaClientKnownRequestError: 
Invalid `prisma.user.findFirst()` invocation:


Can't reach database server at `localhost:5432`

Please make sure your database server is running at `localhost:5432`.
    at ei.handleRequestError (webpack-internal:///(rsc)/./src/generated/prisma/runtime/library.js:7149:19)
    at ei.handleAndLogRequestError (webpack-internal:///(rsc)/./src/generated/prisma/runtime/library.js:7112:18)
    at ei.request (webpack-internal:///(rsc)/./src/generated/prisma/runtime/library.js:7093:18)
    at async a (webpack-internal:///(rsc)/./src/generated/prisma/runtime/library.js:7747:25)
    at async LoginUseCase.execute (webpack-internal:///(rsc)/./src/lib/features/auth/application/usecase/LoginUseCase.ts:18:22)
    at async POST (webpack-internal:///(rsc)/./src/app/api/auth/login/route.ts:74:24)
    at async AppRouteRouteModule.do (C:\Kuliah\Semester 7\PM\tubes\multidisiplin2025\node_modules\next\dist\compiled\next-server\app-route.runtime.dev.js:5:38696)
    at async AppRouteRouteModule.handle (C:\Kuliah\Semester 7\PM\tubes\multidisiplin2025\node_modules\next\dist\compiled\next-server\app-route.runtime.dev.js:5:45978)
    at async responseGenerator (webpack-internal:///(rsc)/./node_modules/next/dist/build/webpack/loaders/next-app-loader/index.js?name=app%2Fapi%2Fauth%2Flogin%2Froute&page=%2Fapi%2Fauth%2Flogin%2Froute&appPaths=&pagePath=private-next-app-dir%2Fapi%2Fauth%2Flogin%2Froute.ts&appDir=C%3A%5CKuliah%5CSemester%207%5CPM%5Ctubes%5Cmultidisiplin2025%5Csrc%5Capp&pageExtensions=tsx&pageExtensions=ts&pageExtensions=jsx&pageExtensions=js&rootDir=C%3A%5CKuliah%5CSemester%207%5CPM%5Ctubes%5Cmultidisiplin2025&isDev=true&tsconfigPath=tsconfig.json&basePath=&assetPrefix=&nextConfigOutput=standalone&preferredRegion=&middlewareConfig=e30%3D&isGlobalNotFoundEnabled=!:203:38)
    at async AppRouteRouteModule.handleResponse (C:\Kuliah\Semester 7\PM\tubes\multidisiplin2025\node_modules\next\dist\compiled\next-server\app-route.runtime.dev.js:1:187565)
    at async handleResponse (webpack-internal:///(rsc)/./node_modules/next/dist/build/webpack/loaders/next-app-loader/index.js?name=app%2Fapi%2Fauth%2Flogin%2Froute&page=%2Fapi%2Fauth%2Flogin%2Froute&appPaths=&pagePath=private-next-app-dir%2Fapi%2Fauth%2Flogin%2Froute.ts&appDir=C%3A%5CKuliah%5CSemester%207%5CPM%5Ctubes%5Cmultidisiplin2025%5Csrc%5Capp&pageExtensions=tsx&pageExtensions=ts&pageExtensions=jsx&pageExtensions=js&rootDir=C%3A%5CKuliah%5CSemester%207%5CPM%5Ctubes%5Cmultidisiplin2025&isDev=true&tsconfigPath=tsconfig.json&basePath=&assetPrefix=&nextConfigOutput=standalone&preferredRegion=&middlewareConfig=e30%3D&isGlobalNotFoundEnabled=!:265:32)
    at async handler (webpack-internal:///(rsc)/./node_modules/next/dist/build/webpack/loaders/next-app-loader/index.js?name=app%2Fapi%2Fauth%2Flogin%2Froute&page=%2Fapi%2Fauth%2Flogin%2Froute&appPaths=&pagePath=private-next-app-dir%2Fapi%2Fauth%2Flogin%2Froute.ts&appDir=C%3A%5CKuliah%5CSemester%207%5CPM%5Ctubes%5Cmultidisiplin2025%5Csrc%5Capp&pageExtensions=tsx&pageExtensions=ts&pageExtensions=jsx&pageExtensions=js&rootDir=C%3A%5CKuliah%5CSemester%207%5CPM%5Ctubes%5Cmultidisiplin2025&isDev=true&tsconfigPath=tsconfig.json&basePath=&assetPrefix=&nextConfigOutput=standalone&preferredRegion=&middlewareConfig=e30%3D&isGlobalNotFoundEnabled=!:317:13)
    at async DevServer.renderToResponseWithComponentsImpl (C:\Kuliah\Semester 7\PM\tubes\multidisiplin2025\node_modules\next\dist\server\base-server.js:1422:9)
    at async DevServer.renderPageComponent (C:\Kuliah\Semester 7\PM\tubes\multidisiplin2025\node_modules\next\dist\server\base-server.js:1474:24)
    at async DevServer.renderToResponseImpl (C:\Kuliah\Semester 7\PM\tubes\multidisiplin2025\node_modules\next\dist\server\base-server.js:1514:32)
    at async DevServer.pipeImpl (C:\Kuliah\Semester 7\PM\tubes\multidisiplin2025\node_modules\next\dist\server\base-server.js:1025:25)
    at async NextNodeServer.handleCatchallRenderRequest (C:\Kuliah\Semester 7\PM\tubes\multidisiplin2025\node_modules\next\dist\server\next-server.js:393:17)
    at async DevServer.handleRequestImpl (C:\Kuliah\Semester 7\PM\tubes\multidisiplin2025\node_modules\next\dist\server\base-server.js:916:17)
    at async C:\Kuliah\Semester 7\PM\tubes\multidisiplin2025\node_modules\next\dist\server\dev\next-dev-server.js:399:20
    at async Span.traceAsyncFn (C:\Kuliah\Semester 7\PM\tubes\multidisiplin2025\node_modules\next\dist\trace\trace.js:157:20)
    at async DevServer.handleRequest (C:\Kuliah\Semester 7\PM\tubes\multidisiplin2025\node_modules\next\dist\server\dev\next-dev-server.js:395:24)
    at async invokeRender (C:\Kuliah\Semester 7\PM\tubes\multidisiplin2025\node_modules\next\dist\server\lib\router-server.js:240:21)
    at async handleRequest (C:\Kuliah\Semester 7\PM\tubes\multidisiplin2025\node_modules\next\dist\server\lib\router-server.js:437:24)
    at async requestHandlerImpl (C:\Kuliah\Semester 7\PM\tubes\multidisiplin2025\node_modules\next\dist\server\lib\router-server.js:485:13)
    at async Server.requestListener (C:\Kuliah\Semester 7\PM\tubes\multidisiplin2025\node_modules\next\dist\server\lib\start-server.js:226:13)
---
[2026-01-13T07:57:18.359Z] Login Error: 
Invalid `prisma.user.findFirst()` invocation:


Can't reach database server at `localhost:5432`

Please make sure your database server is running at `localhost:5432`.
PrismaClientKnownRequestError: 
Invalid `prisma.user.findFirst()` invocation:


Can't reach database server at `localhost:5432`

Please make sure your database server is running at `localhost:5432`.
    at ei.handleRequestError (webpack-internal:///(rsc)/./src/generated/prisma/runtime/library.js:7149:19)
    at ei.handleAndLogRequestError (webpack-internal:///(rsc)/./src/generated/prisma/runtime/library.js:7112:18)
    at ei.request (webpack-internal:///(rsc)/./src/generated/prisma/runtime/library.js:7093:18)
    at async a (webpack-internal:///(rsc)/./src/generated/prisma/runtime/library.js:7747:25)
    at async LoginUseCase.execute (webpack-internal:///(rsc)/./src/lib/features/auth/application/usecase/LoginUseCase.ts:18:22)
    at async POST (webpack-internal:///(rsc)/./src/app/api/auth/login/route.ts:74:24)
    at async AppRouteRouteModule.do (C:\Kuliah\Semester 7\PM\tubes\multidisiplin2025\node_modules\next\dist\compiled\next-server\app-route.runtime.dev.js:5:38696)
    at async AppRouteRouteModule.handle (C:\Kuliah\Semester 7\PM\tubes\multidisiplin2025\node_modules\next\dist\compiled\next-server\app-route.runtime.dev.js:5:45978)
    at async responseGenerator (webpack-internal:///(rsc)/./node_modules/next/dist/build/webpack/loaders/next-app-loader/index.js?name=app%2Fapi%2Fauth%2Flogin%2Froute&page=%2Fapi%2Fauth%2Flogin%2Froute&appPaths=&pagePath=private-next-app-dir%2Fapi%2Fauth%2Flogin%2Froute.ts&appDir=C%3A%5CKuliah%5CSemester%207%5CPM%5Ctubes%5Cmultidisiplin2025%5Csrc%5Capp&pageExtensions=tsx&pageExtensions=ts&pageExtensions=jsx&pageExtensions=js&rootDir=C%3A%5CKuliah%5CSemester%207%5CPM%5Ctubes%5Cmultidisiplin2025&isDev=true&tsconfigPath=tsconfig.json&basePath=&assetPrefix=&nextConfigOutput=standalone&preferredRegion=&middlewareConfig=e30%3D&isGlobalNotFoundEnabled=!:203:38)
    at async AppRouteRouteModule.handleResponse (C:\Kuliah\Semester 7\PM\tubes\multidisiplin2025\node_modules\next\dist\compiled\next-server\app-route.runtime.dev.js:1:187565)
    at async handleResponse (webpack-internal:///(rsc)/./node_modules/next/dist/build/webpack/loaders/next-app-loader/index.js?name=app%2Fapi%2Fauth%2Flogin%2Froute&page=%2Fapi%2Fauth%2Flogin%2Froute&appPaths=&pagePath=private-next-app-dir%2Fapi%2Fauth%2Flogin%2Froute.ts&appDir=C%3A%5CKuliah%5CSemester%207%5CPM%5Ctubes%5Cmultidisiplin2025%5Csrc%5Capp&pageExtensions=tsx&pageExtensions=ts&pageExtensions=jsx&pageExtensions=js&rootDir=C%3A%5CKuliah%5CSemester%207%5CPM%5Ctubes%5Cmultidisiplin2025&isDev=true&tsconfigPath=tsconfig.json&basePath=&assetPrefix=&nextConfigOutput=standalone&preferredRegion=&middlewareConfig=e30%3D&isGlobalNotFoundEnabled=!:265:32)
    at async handler (webpack-internal:///(rsc)/./node_modules/next/dist/build/webpack/loaders/next-app-loader/index.js?name=app%2Fapi%2Fauth%2Flogin%2Froute&page=%2Fapi%2Fauth%2Flogin%2Froute&appPaths=&pagePath=private-next-app-dir%2Fapi%2Fauth%2Flogin%2Froute.ts&appDir=C%3A%5CKuliah%5CSemester%207%5CPM%5Ctubes%5Cmultidisiplin2025%5Csrc%5Capp&pageExtensions=tsx&pageExtensions=ts&pageExtensions=jsx&pageExtensions=js&rootDir=C%3A%5CKuliah%5CSemester%207%5CPM%5Ctubes%5Cmultidisiplin2025&isDev=true&tsconfigPath=tsconfig.json&basePath=&assetPrefix=&nextConfigOutput=standalone&preferredRegion=&middlewareConfig=e30%3D&isGlobalNotFoundEnabled=!:317:13)
    at async DevServer.renderToResponseWithComponentsImpl (C:\Kuliah\Semester 7\PM\tubes\multidisiplin2025\node_modules\next\dist\server\base-server.js:1422:9)
    at async DevServer.renderPageComponent (C:\Kuliah\Semester 7\PM\tubes\multidisiplin2025\node_modules\next\dist\server\base-server.js:1474:24)
    at async DevServer.renderToResponseImpl (C:\Kuliah\Semester 7\PM\tubes\multidisiplin2025\node_modules\next\dist\server\base-server.js:1514:32)
    at async DevServer.pipeImpl (C:\Kuliah\Semester 7\PM\tubes\multidisiplin2025\node_modules\next\dist\server\base-server.js:1025:25)
    at async NextNodeServer.handleCatchallRenderRequest (C:\Kuliah\Semester 7\PM\tubes\multidisiplin2025\node_modules\next\dist\server\next-server.js:393:17)
    at async DevServer.handleRequestImpl (C:\Kuliah\Semester 7\PM\tubes\multidisiplin2025\node_modules\next\dist\server\base-server.js:916:17)
    at async C:\Kuliah\Semester 7\PM\tubes\multidisiplin2025\node_modules\next\dist\server\dev\next-dev-server.js:399:20
    at async Span.traceAsyncFn (C:\Kuliah\Semester 7\PM\tubes\multidisiplin2025\node_modules\next\dist\trace\trace.js:157:20)
    at async DevServer.handleRequest (C:\Kuliah\Semester 7\PM\tubes\multidisiplin2025\node_modules\next\dist\server\dev\next-dev-server.js:395:24)
    at async invokeRender (C:\Kuliah\Semester 7\PM\tubes\multidisiplin2025\node_modules\next\dist\server\lib\router-server.js:240:21)
    at async handleRequest (C:\Kuliah\Semester 7\PM\tubes\multidisiplin2025\node_modules\next\dist\server\lib\router-server.js:437:24)
    at async requestHandlerImpl (C:\Kuliah\Semester 7\PM\tubes\multidisiplin2025\node_modules\next\dist\server\lib\router-server.js:485:13)
    at async Server.requestListener (C:\Kuliah\Semester 7\PM\tubes\multidisiplin2025\node_modules\next\dist\server\lib\start-server.js:226:13)
---
